<?xml version="1.0" encoding="utf-8"?><testsuites name="pytest tests"><testsuite name="pytest" errors="0" failures="0" skipped="0" tests="12" time="3.658" timestamp="2026-08-30T08:22:19.491163+00:00" hostname="agent-env-11ec1b51-de2b-42a0-bb63-e611becfe810"><testcase classname="tests.test_broadcast_wa_i104.TestRbac" name="test_driver_denied_list" time="0.485" /><testcase classname="tests.test_broadcast_wa_i104.TestRbac" name="test_driver_denied_create" time="0.051" /><testcase classname="tests.test_broadcast_wa_i104.TestRbac" name="test_unauthenticated_denied" time="0.102" /><testcase classname="tests.test_broadcast_wa_i104.TestRbac" name="test_ops_allowed" time="0.526" /><testcase classname="tests.test_broadcast_wa_i104.TestBroadcastCrud" name="test_list_contains_seed" time="0.478" /><testcase classname="tests.test_broadcast_wa_i104.TestBroadcastCrud" name="test_create_and_persist" time="0.159" /><testcase classname="tests.test_broadcast_wa_i104.TestBroadcastCrud" name="test_create_validation" time="0.047" /><testcase classname="tests.test_broadcast_wa_i104.TestBroadcastCrud" name="test_send_unknown_404" time="0.052" /><testcase classname="tests.test_broadcast_wa_i104.TestBroadcastSend" name="test_send_flow" time="1.151" /><testcase classname="tests.test_broadcast_wa_i104.TestBroadcastSend" name="test_resend_blocked_atomic_claim" time="0.047" /><testcase classname="tests.test_broadcast_wa_i104.TestBroadcastSend" name="test_message_logged_in_inbox_with_rendered_vars" time="0.104" /><testcase classname="tests.test_broadcast_wa_i104.TestBookingInv02" name="test_submit_ignores_total_amount" time="0.365" /></testsuite></testsuites>