<?xml version="1.0" encoding="utf-8"?><testsuites name="pytest tests"><testsuite name="pytest" errors="0" failures="0" skipped="0" tests="10" time="4.272" timestamp="2026-08-30T14:04:36.826719+00:00" hostname="agent-env-6d4d2890-84f2-41de-b8b0-5d9e46a44b28"><testcase classname="tests.test_openwa_session_i106" name="test_owner_login" time="0.544" /><testcase classname="tests.test_openwa_session_i106" name="test_wa_config_no_secret_leak" time="0.144" /><testcase classname="tests.test_openwa_session_i106" name="test_openwa_status_running_installed" time="0.134" /><testcase classname="tests.test_openwa_session_i106" name="test_openwa_qr_non_empty" time="0.139" /><testcase classname="tests.test_openwa_session_i106" name="test_openwa_webhook_no_key_403" time="0.126" /><testcase classname="tests.test_openwa_session_i106" name="test_openwa_webhook_wrong_key_403" time="0.183" /><testcase classname="tests.test_openwa_session_i106" name="test_openwa_webhook_correct_key_empty_payload" time="0.128" /><testcase classname="tests.test_openwa_session_i106" name="test_simulate_inbound_creates_lead_and_conversation" time="1.886" /><testcase classname="tests.test_openwa_session_i106" name="test_openwa_status_rbac_driver_forbidden" time="0.489" /><testcase classname="tests.test_openwa_session_i106" name="test_zz_provider_still_openwa" time="0.171" /></testsuite></testsuites>