<?xml version="1.0" encoding="utf-8"?><testsuites name="pytest tests"><testsuite name="pytest" errors="0" failures="0" skipped="0" tests="9" time="1.642" timestamp="2026-08-30T16:52:50.425709+00:00" hostname="agent-env-93860bb4-14b8-4b83-be85-77961f1c8cf1"><testcase classname="tests.test_fleet_360_i108" name="test_static_frame_image" time="0.191" /><testcase classname="tests.test_fleet_360_i108" name="test_static_frame_36" time="0.123" /><testcase classname="tests.test_fleet_360_i108.TestPublicFleet" name="test_hiace_has_36_frames_and_6_terms" time="0.201" /><testcase classname="tests.test_fleet_360_i108.TestPublicFleet" name="test_elf_has_empty_frames" time="0.000" /><testcase classname="tests.test_fleet_360_i108.TestPublicFleet" name="test_no_mongo_id_leak" time="0.000" /><testcase classname="tests.test_fleet_360_i108.TestPublicFleet" name="test_detail_endpoint" time="0.090" /><testcase classname="tests.test_fleet_360_i108.TestPublicFleet" name="test_detail_404_unknown" time="0.064" /><testcase classname="tests.test_fleet_360_i108" name="test_patch_vehicle_frames_roundtrip" time="0.937" /><testcase classname="tests.test_fleet_360_i108" name="test_patch_requires_auth" time="0.057" /></testsuite></testsuites>