<?xml version="1.0" encoding="utf-8"?><testsuites name="pytest tests"><testsuite name="pytest" errors="0" failures="0" skipped="0" tests="15" time="1.996" timestamp="2026-08-30T18:46:45.718969+00:00" hostname="agent-env-e7f25411-1196-444f-a5f5-11f2712276e8"><testcase classname="tests.test_restore_smoke_i109" name="test_root_health" time="0.211" /><testcase classname="tests.test_restore_smoke_i109" name="test_public_booking_config_routes" time="0.067" /><testcase classname="tests.test_restore_smoke_i109" name="test_login_owner_and_me" time="0.333" /><testcase classname="tests.test_restore_smoke_i109" name="test_login_wrong_password" time="0.274" /><testcase classname="tests.test_restore_smoke_i109" name="test_public_endpoints_ok[/api/public/company]" time="0.054" /><testcase classname="tests.test_restore_smoke_i109" name="test_public_endpoints_ok[/api/public/theme]" time="0.055" /><testcase classname="tests.test_restore_smoke_i109" name="test_public_endpoints_ok[/api/public/fleet]" time="0.064" /><testcase classname="tests.test_restore_smoke_i109" name="test_public_endpoints_ok[/api/public/destinations]" time="0.053" /><testcase classname="tests.test_restore_smoke_i109" name="test_public_endpoints_ok[/api/public/packages]" time="0.059" /><testcase classname="tests.test_restore_smoke_i109" name="test_public_endpoints_ok[/api/public/promos]" time="0.064" /><testcase classname="tests.test_restore_smoke_i109" name="test_public_endpoints_ok[/api/public/articles]" time="0.057" /><testcase classname="tests.test_restore_smoke_i109" name="test_public_endpoints_ok[/api/public/testimonials]" time="0.053" /><testcase classname="tests.test_restore_smoke_i109" name="test_public_endpoints_ok[/api/public/stats]" time="0.056" /><testcase classname="tests.test_restore_smoke_i109" name="test_public_availability_search_daily" time="0.057" /><testcase classname="tests.test_restore_smoke_i109" name="test_public_availability_search_airport_route" time="0.123" /></testsuite></testsuites>