<?xml version="1.0" encoding="utf-8"?><testsuites name="pytest tests"><testsuite name="pytest" errors="0" failures="0" skipped="0" tests="18" time="4.252" timestamp="2026-08-30T22:57:30.165265+00:00" hostname="agent-env-e7f25411-1196-444f-a5f5-11f2712276e8"><testcase classname="tests.test_i111_fee_default_addon_master.TestDriverDefaultFeeRate" name="test_list_drivers_memuat_field" time="0.505" /><testcase classname="tests.test_i111_fee_default_addon_master.TestDriverDefaultFeeRate" name="test_patch_set_175000_persist" time="0.114" /><testcase classname="tests.test_i111_fee_default_addon_master.TestDriverDefaultFeeRate" name="test_patch_nol_mereset_ke_null" time="0.112" /><testcase classname="tests.test_i111_fee_default_addon_master.TestDriverDefaultFeeRate" name="test_negatif_ditolak_422" time="0.055" /><testcase classname="tests.test_i111_fee_default_addon_master.TestDriverDefaultFeeRate" name="test_restore_175000_untuk_uji_ui" time="0.055" /><testcase classname="tests.test_i111_fee_default_addon_master.TestDriverDefaultFeeRate" name="test_create_driver_dengan_default_fee" time="0.129" /><testcase classname="tests.test_i111_fee_default_addon_master.TestDriverDefaultFeeRate" name="test_rbac_marketing_patch_driver_403" time="0.425" /><testcase classname="tests.test_i111_fee_default_addon_master.TestAddonMaster" name="test_create" time="0.054" /><testcase classname="tests.test_i111_fee_default_addon_master.TestAddonMaster" name="test_duplikat_409" time="0.070" /><testcase classname="tests.test_i111_fee_default_addon_master.TestAddonMaster" name="test_patch_label_dan_nominal" time="0.116" /><testcase classname="tests.test_i111_fee_default_addon_master.TestAddonMaster" name="test_nonaktifkan_hilang_dari_list_aktif" time="0.168" /><testcase classname="tests.test_i111_fee_default_addon_master.TestAddonMaster" name="test_aktifkan_kembali" time="0.116" /><testcase classname="tests.test_i111_fee_default_addon_master.TestAddonMaster" name="test_rbac_marketing_patch_delete_403" time="0.132" /><testcase classname="tests.test_i111_fee_default_addon_master.TestAddonMaster" name="test_delete_dan_404_berikutnya" time="0.177" /><testcase classname="tests.test_i111_fee_default_addon_master.TestAssignFeePrefillData" name="test_siapkan_dua_booking_nov_2026" time="0.267" /><testcase classname="tests.test_i111_fee_default_addon_master.TestAssignFeePrefillData" name="test_assign_dengan_rate_120000_snapshot_di_trip" time="0.551" /><testcase classname="tests.test_i111_fee_default_addon_master.TestAssignFeePrefillData" name="test_booking_tanpa_fee_detail_kosong" time="0.061" /><testcase classname="tests.test_i111_fee_default_addon_master.TestAssignFeePrefillData" name="test_assign_manual_rate_berbeda_tersimpan" time="1.048" /></testsuite></testsuites>