<?xml version="1.0" encoding="utf-8"?><testsuites name="pytest tests"><testsuite name="pytest" errors="0" failures="0" skipped="0" tests="44" time="6.352" timestamp="2026-09-02T19:03:52.725525+00:00" hostname="agent-env-de888203-1cc8-485a-84ce-5c55d0648549"><testcase classname="tests.test_documents_i112.TestInvoices" name="test_create_dp_with_tax" time="0.734" /><testcase classname="tests.test_documents_i112.TestInvoices" name="test_create_settlement" time="0.075" /><testcase classname="tests.test_documents_i112.TestInvoices" name="test_create_full" time="0.076" /><testcase classname="tests.test_documents_i112.TestInvoices" name="test_cancelled_booking_rejected" time="0.065" /><testcase classname="tests.test_documents_i112.TestInvoices" name="test_unknown_booking" time="0.071" /><testcase classname="tests.test_documents_i112.TestInvoiceExportSend" name="test_pdf" time="0.153" /><testcase classname="tests.test_documents_i112.TestInvoiceExportSend" name="test_inline" time="0.132" /><testcase classname="tests.test_documents_i112.TestInvoiceExportSend" name="test_excel" time="0.077" /><testcase classname="tests.test_documents_i112.TestInvoiceExportSend" name="test_send_wa" time="0.163" /><testcase classname="tests.test_documents_i112.TestInvoiceExportSend" name="test_booking_send_invoice_wa" time="0.086" /><testcase classname="tests.test_documents_i112.TestInvoiceExportSend" name="test_export_404" time="0.072" /><testcase classname="tests.test_documents_i112.TestPaymentReceipt" name="test_payment_creates_receipt_and_syncs_invoice" time="0.239" /><testcase classname="tests.test_documents_i112.TestPaymentReceipt" name="test_list_receipts" time="0.078" /><testcase classname="tests.test_documents_i112.TestPaymentReceipt" name="test_receipt_pdf" time="0.076" /><testcase classname="tests.test_documents_i112.TestPaymentReceipt" name="test_receipt_send_wa" time="0.089" /><testcase classname="tests.test_documents_i112.TestPaymentReceipt" name="test_receipt_idempotent" time="0.073" /><testcase classname="tests.test_documents_i112.TestPaymentReceipt" name="test_receipt_404" time="0.145" /><testcase classname="tests.test_documents_i112.TestBookingDocuments" name="test_summary" time="0.080" /><testcase classname="tests.test_documents_i112.TestBookingDocuments" name="test_confirmation_pdf_number_stable" time="0.242" /><testcase classname="tests.test_documents_i112.TestBookingDocuments" name="test_spj_pdf_number_stable" time="0.249" /><testcase classname="tests.test_documents_i112.TestBookingDocuments" name="test_confirmation_send_wa" time="0.080" /><testcase classname="tests.test_documents_i112.TestBookingDocuments" name="test_spj_send_wa" time="0.093" /><testcase classname="tests.test_documents_i112.TestBookingDocuments" name="test_unknown_kind_404" time="0.161" /><testcase classname="tests.test_documents_i112.TestConfig" name="test_get_owner_and_ops" time="0.583" /><testcase classname="tests.test_documents_i112.TestConfig" name="test_patch_owner" time="0.132" /><testcase classname="tests.test_documents_i112.TestConfig" name="test_patch_ops_forbidden" time="0.083" /><testcase classname="tests.test_documents_i112.TestConfig" name="test_invalid_tax_percent" time="0.064" /><testcase classname="tests.test_documents_i112.TestConfig" name="test_unknown_placeholder_caption" time="0.064" /><testcase classname="tests.test_documents_i112.TestLayouts" name="test_list" time="0.070" /><testcase classname="tests.test_documents_i112.TestLayouts" name="test_get_default_has_company" time="0.060" /><testcase classname="tests.test_documents_i112.TestLayouts" name="test_put_default_inherited" time="0.156" /><testcase classname="tests.test_documents_i112.TestLayouts" name="test_delete_default_reset" time="0.077" /><testcase classname="tests.test_documents_i112.TestLayouts" name="test_put_layout_ops_forbidden" time="0.072" /><testcase classname="tests.test_documents_i112.TestLayouts" name="test_preview_pdf" time="0.075" /><testcase classname="tests.test_documents_i112.TestLayouts" name="test_script_flow" time="0.309" /><testcase classname="tests.test_documents_i112.TestLayouts" name="test_unknown_code_404" time="0.215" /><testcase classname="tests.test_documents_i112.TestNumbering" name="test_list" time="0.073" /><testcase classname="tests.test_documents_i112.TestNumbering" name="test_preview_pattern" time="0.069" /><testcase classname="tests.test_documents_i112.TestNumbering" name="test_save_and_apply" time="0.159" /><testcase classname="tests.test_documents_i112.TestNumbering" name="test_pattern_without_seq" time="0.063" /><testcase classname="tests.test_documents_i112.TestNumbering" name="test_unknown_token" time="0.131" /><testcase classname="tests.test_documents_i112.TestNumbering" name="test_reset" time="0.081" /><testcase classname="tests.test_documents_i112.TestNumbering" name="test_ops_forbidden" time="0.090" /><testcase classname="tests.test_documents_i112.TestNumbering" name="test_unknown_rule_404" time="0.332" /></testsuite></testsuites>