<?xml version="1.0" encoding="utf-8"?><testsuites name="pytest tests"><testsuite name="pytest" errors="0" failures="1" skipped="0" tests="21" time="6.669" timestamp="2026-09-02T19:27:12.101440+00:00" hostname="agent-env-de888203-1cc8-485a-84ce-5c55d0648549"><testcase classname="tests.test_refund_notes_i113.TestCancelWithRefund" name="test_cancel_with_refund_creates_note_and_wa" time="2.449" /><testcase classname="tests.test_refund_notes_i113.TestCancelWithRefund" name="test_cancel_idempotent_no_second_note" time="0.145" /><testcase classname="tests.test_refund_notes_i113.TestCancelWithRefund" name="test_cancel_zero_refund_no_note" time="0.479" /><testcase classname="tests.test_refund_notes_i113.TestCancelWithRefund" name="test_create_note_for_zero_refund_booking_400" time="0.075" /><testcase classname="tests.test_refund_notes_i113.TestCancelWithRefund" name="test_create_note_for_active_booking_400" time="0.369" /><testcase classname="tests.test_refund_notes_i113.TestCancelWithRefund" name="test_create_note_unknown_booking_404" time="0.081" /><testcase classname="tests.test_refund_notes_i113.TestRefundNoteEndpoints" name="test_list_contains_note" time="0.069" /><testcase classname="tests.test_refund_notes_i113.TestRefundNoteEndpoints" name="test_pdf_attachment_and_inline" time="0.179" /><testcase classname="tests.test_refund_notes_i113.TestRefundNoteEndpoints" name="test_pdf_404" time="0.069" /><testcase classname="tests.test_refund_notes_i113.TestRefundNoteEndpoints" name="test_send_wa_increments_sent_count" time="0.226" /><testcase classname="tests.test_refund_notes_i113.TestRefundNoteEndpoints" name="test_post_existing_booking_returns_same_note" time="0.072" /><testcase classname="tests.test_refund_notes_i113.TestRefundNoteEndpoints" name="test_booking_documents_bundle_has_refund_note" time="0.079" /><testcase classname="tests.test_refund_notes_i113.TestLayoutScriptNumbering" name="test_layout_codes_include_refund" time="0.074" /><testcase classname="tests.test_refund_notes_i113.TestLayoutScriptNumbering" name="test_script_placeholders" time="0.082" /><testcase classname="tests.test_refund_notes_i113.TestLayoutScriptNumbering" name="test_put_script_valid" time="0.219" /><testcase classname="tests.test_refund_notes_i113.TestLayoutScriptNumbering" name="test_put_script_unknown_placeholder_400" time="0.075" /><testcase classname="tests.test_refund_notes_i113.TestLayoutScriptNumbering" name="test_layout_preview_pdf" time="0.081" /><testcase classname="tests.test_refund_notes_i113.TestLayoutScriptNumbering" name="test_numbering_has_refund_rule" time="0.083" /><testcase classname="tests.test_refund_notes_i113.TestLayoutScriptNumbering" name="test_numbering_override_applies_to_next_note" time="0.687" /><testcase classname="tests.test_refund_notes_i113.TestLayoutScriptNumbering" name="test_config_wa_caption_refund" time="0.350" /><testcase classname="tests.test_refund_notes_i113.TestReceiptForRefundPayment" name="test_receipt_for_negative_refund_payment_not_500" time="0.621"><failure message="AssertionError: 500 dari terbilang() angka negatif: Internal Server Error&#10;assert 500 != 500&#10; +  where 500 = &lt;Response [500]&gt;.status_code">E   AssertionError: 500 dari terbilang() angka negatif: Internal Server Error
    assert 500 != 500
     +  where 500 = &lt;Response [500]&gt;.status_code</failure></testcase></testsuite></testsuites>