<?xml version="1.0" encoding="utf-8"?><testsuites name="pytest tests"><testsuite name="pytest" errors="0" failures="0" skipped="0" tests="25" time="119.365" timestamp="2026-09-02T19:48:06.487555+00:00" hostname="agent-env-de888203-1cc8-485a-84ce-5c55d0648549"><testcase classname="tests.test_data_management_i114.TestOverview" name="test_overview_shape" time="0.600" /><testcase classname="tests.test_data_management_i114.TestOverview" name="test_overview_requires_auth" time="2.236" /><testcase classname="tests.test_data_management_i114.TestBackupCreate" name="test_create_manual_backup" time="0.294" /><testcase classname="tests.test_data_management_i114.TestBackupCreate" name="test_manifest" time="11.346" /><testcase classname="tests.test_data_management_i114.TestBackupCreate" name="test_download_zip_content" time="0.329" /><testcase classname="tests.test_data_management_i114.TestBackupCreate" name="test_unknown_id_404" time="0.303" /><testcase classname="tests.test_data_management_i114.TestRestorePartial" name="test_partial_restore_customers" time="36.966" /><testcase classname="tests.test_data_management_i114.TestRestorePartial" name="test_pre_restore_entry_exists" time="0.165" /><testcase classname="tests.test_data_management_i114.TestRestorePartial" name="test_wrong_confirm_400" time="0.163" /><testcase classname="tests.test_data_management_i114.TestRestorePartial" name="test_unknown_collection_400" time="0.143" /><testcase classname="tests.test_data_management_i114.TestRestorePartial" name="test_unknown_backup_id_400_404" time="0.167" /><testcase classname="tests.test_data_management_i114.TestUpload" name="test_upload_valid_zip" time="0.633" /><testcase classname="tests.test_data_management_i114.TestUpload" name="test_upload_non_zip_400" time="0.162" /><testcase classname="tests.test_data_management_i114.TestUpload" name="test_upload_zip_without_manifest_400" time="0.159" /><testcase classname="tests.test_data_management_i114.TestUpload" name="test_delete_uploaded" time="0.756" /><testcase classname="tests.test_data_management_i114.TestScheduleCron" name="test_get_and_patch_schedule" time="0.529" /><testcase classname="tests.test_data_management_i114.TestScheduleCron" name="test_patch_keep_last_zero_422" time="0.119" /><testcase classname="tests.test_data_management_i114.TestScheduleCron" name="test_cron_unauthorized" time="0.135" /><testcase classname="tests.test_data_management_i114.TestScheduleCron" name="test_cron_disabled_skipped" time="6.483" /><testcase classname="tests.test_data_management_i114.TestScheduleCron" name="test_cron_enabled_creates_auto_and_retention" time="51.085" /><testcase classname="tests.test_data_management_i114.TestRBAC" name="test_ops_admin_allowed" time="0.813" /><testcase classname="tests.test_data_management_i114.TestRBAC" name="test_denied_roles[marketing@demo.local]" time="0.743" /><testcase classname="tests.test_data_management_i114.TestRBAC" name="test_denied_roles[driver@demo.local]" time="0.763" /><testcase classname="tests.test_data_management_i114.TestZFullRestore" name="test_full_restore" time="1.692" /><testcase classname="tests.test_data_management_i114" name="test_zz_cleanup" time="2.511" /></testsuite></testsuites>