<?xml version="1.0" encoding="utf-8"?><testsuites name="pytest tests"><testsuite name="pytest" errors="0" failures="0" skipped="0" tests="11" time="3.409" timestamp="2026-09-02T19:43:49.103545+00:00" hostname="agent-env-de888203-1cc8-485a-84ce-5c55d0648549"><testcase classname="tests.test_data_management_i114.TestOverview" name="test_overview_shape" time="0.554" /><testcase classname="tests.test_data_management_i114.TestOverview" name="test_overview_requires_auth" time="0.112" /><testcase classname="tests.test_data_management_i114.TestBackupCreate" name="test_create_manual_backup" time="0.309" /><testcase classname="tests.test_data_management_i114.TestBackupCreate" name="test_manifest" time="0.144" /><testcase classname="tests.test_data_management_i114.TestBackupCreate" name="test_download_zip_content" time="0.224" /><testcase classname="tests.test_data_management_i114.TestBackupCreate" name="test_unknown_id_404" time="0.281" /><testcase classname="tests.test_data_management_i114.TestRestorePartial" name="test_partial_restore_customers" time="1.003" /><testcase classname="tests.test_data_management_i114.TestRestorePartial" name="test_pre_restore_entry_exists" time="0.182" /><testcase classname="tests.test_data_management_i114.TestRestorePartial" name="test_wrong_confirm_400" time="0.123" /><testcase classname="tests.test_data_management_i114.TestRestorePartial" name="test_unknown_collection_400" time="0.128" /><testcase classname="tests.test_data_management_i114.TestRestorePartial" name="test_unknown_backup_id_400_404" time="0.244" /></testsuite></testsuites>