<?xml version="1.0" encoding="utf-8"?><testsuites name="pytest tests"><testsuite name="pytest" errors="0" failures="0" skipped="0" tests="22" time="4.712" timestamp="2026-09-02T20:11:15.612484+00:00" hostname="agent-env-de888203-1cc8-485a-84ce-5c55d0648549"><testcase classname="tests.test_master_import_i115.TestTemplateAndSheets" name="test_template_download" time="0.735" /><testcase classname="tests.test_master_import_i115.TestTemplateAndSheets" name="test_sheets_metadata" time="0.076" /><testcase classname="tests.test_master_import_i115.TestPreview" name="test_preview_counts_and_no_write" time="0.138" /><testcase classname="tests.test_master_import_i115.TestPreview" name="test_preview_rejects_non_xlsx" time="0.166" /><testcase classname="tests.test_master_import_i115.TestPreview" name="test_preview_unknown_sheets_400" time="0.112" /><testcase classname="tests.test_master_import_i115.TestPreview" name="test_preview_missing_required_column" time="0.121" /><testcase classname="tests.test_master_import_i115.TestCommitUpsert" name="test_commit_upsert_with_snapshot" time="0.224" /><testcase classname="tests.test_master_import_i115.TestCommitUpsert" name="test_snapshot_archive_in_overview" time="0.117" /><testcase classname="tests.test_master_import_i115.TestCommitUpsert" name="test_inserted_docs_shape" time="0.003" /><testcase classname="tests.test_master_import_i115.TestCommitUpsert" name="test_existing_customer_updated" time="0.001" /><testcase classname="tests.test_master_import_i115.TestCommitUpsert" name="test_recommit_same_file_is_idempotent" time="0.122" /><testcase classname="tests.test_master_import_i115.TestCommitUpsert" name="test_insert_only_skips_matches" time="0.092" /><testcase classname="tests.test_master_import_i115.TestCommitUpsert" name="test_sheets_filter_only_processes_selected" time="0.109" /><testcase classname="tests.test_master_import_i115.TestCommitUpsert" name="test_commit_missing_required_column_sheet_skipped" time="0.097" /><testcase classname="tests.test_master_import_i115.TestCommitUpsert" name="test_commit_invalid_mode_400" time="0.106" /><testcase classname="tests.test_master_import_i115.TestCommitUpsert" name="test_commit_rejects_non_xlsx" time="0.100" /><testcase classname="tests.test_master_import_i115.TestCommitUpsert" name="test_commit_unknown_sheet_workbook_400" time="0.102" /><testcase classname="tests.test_master_import_i115.TestHistoryAndRbac" name="test_history" time="0.096" /><testcase classname="tests.test_master_import_i115.TestHistoryAndRbac" name="test_ops_admin_allowed" time="0.548" /><testcase classname="tests.test_master_import_i115.TestHistoryAndRbac" name="test_marketing_forbidden" time="0.783" /><testcase classname="tests.test_master_import_i115.TestHistoryAndRbac" name="test_unauthenticated_401" time="0.223" /><testcase classname="tests.test_master_import_i115.TestCleanup" name="test_cleanup_test_data" time="0.314" /></testsuite></testsuites>