<?xml version="1.0" encoding="utf-8"?><testsuites name="pytest tests"><testsuite name="pytest" errors="0" failures="0" skipped="0" tests="7" time="2.401" timestamp="2026-08-30T15:21:19.705595+00:00" hostname="agent-env-5d6909c5-c5f1-47af-89ec-61a5aa65a449"><testcase classname="tests.test_landing_route_grid" name="test_public_booking_config_routes" time="0.659" /><testcase classname="tests.test_landing_route_grid" name="test_templates_armada_bandara_has_route_grid" time="0.169" /><testcase classname="tests.test_landing_route_grid" name="test_create_page_armada_bandara_has_route_grid_no_warnings" time="0.059" /><testcase classname="tests.test_landing_route_grid" name="test_patch_route_grid_preserves_props" time="0.307" /><testcase classname="tests.test_landing_route_grid" name="test_publish_and_public_payload_has_route_grid" time="0.359" /><testcase classname="tests.test_landing_route_grid" name="test_regression_other_template_still_works" time="0.064" /><testcase classname="tests.test_landing_route_grid" name="test_public_regression_existing_page" time="0.389" /></testsuite></testsuites>