<?xml version="1.0" encoding="utf-8"?><testsuites name="pytest tests"><testsuite name="pytest" errors="0" failures="0" skipped="0" tests="25" time="7.786" timestamp="2026-08-30T19:44:38.750077+00:00" hostname="agent-env-e7f25411-1196-444f-a5f5-11f2712276e8"><testcase classname="tests.test_i110_features.TestBookingMasters" name="test_quick_add_customer_masuk_master" time="0.526" /><testcase classname="tests.test_i110_features.TestBookingMasters" name="test_create_addon_master_and_duplicate_409" time="0.175" /><testcase classname="tests.test_i110_features.TestBookingMasters" name="test_addon_mutasi_ditolak_untuk_marketing" time="0.432" /><testcase classname="tests.test_i110_features.TestBookingMasters" name="test_booking_dengan_multi_addon" time="0.531" /><testcase classname="tests.test_i110_features.TestDispatchFeeE2E" name="test_prepare_ids" time="0.421" /><testcase classname="tests.test_i110_features.TestDispatchFeeE2E" name="test_assign_dengan_fee_rate" time="0.520" /><testcase classname="tests.test_i110_features.TestDispatchFeeE2E" name="test_dispatch_detail_timeline" time="0.100" /><testcase classname="tests.test_i110_features.TestDispatchFeeE2E" name="test_dispatch_board_menampilkan_baris" time="0.063" /><testcase classname="tests.test_i110_features.TestDispatchFeeE2E" name="test_driver_melihat_tugas_sama" time="0.067" /><testcase classname="tests.test_i110_features.TestDispatchFeeE2E" name="test_driver_ack_lalu_terlihat_di_dispatch" time="0.132" /><testcase classname="tests.test_i110_features.TestDispatchFeeE2E" name="test_checkin_checkout_kredit_fee" time="1.349" /><testcase classname="tests.test_i110_features.TestDispatchFeeE2E" name="test_withdraw_validasi_dan_reservasi" time="0.199" /><testcase classname="tests.test_i110_features.TestDispatchFeeE2E" name="test_finance_pay_wajib_bukti" time="0.740" /><testcase classname="tests.test_i110_features.TestDispatchFeeE2E" name="test_reject_mengembalikan_saldo" time="0.342" /><testcase classname="tests.test_i110_features.TestDispatchFeeE2E" name="test_assign_tanpa_fee_tetap_jalan" time="0.060" /><testcase classname="tests.test_i110_features.TestAdminOverride" name="test_owner_lihat_sebagai_driver" time="0.304" /><testcase classname="tests.test_i110_features.TestAdminOverride" name="test_owner_tanpa_driver_id_tidak_tertaut" time="0.059" /><testcase classname="tests.test_i110_features.TestAdminOverride" name="test_driver_tidak_bisa_override" time="0.125" /><testcase classname="tests.test_i110_features.TestMaintenanceLogic" name="test_dua_in_progress_satu_selesai" time="0.490" /><testcase classname="tests.test_i110_features.TestMaintenanceLogic" name="test_maintenance_punya_kolom_workshop_terpisah" time="0.060" /><testcase classname="tests.test_i110_features.TestMaintenanceLogic" name="test_cleanup_maintenance" time="0.203" /><testcase classname="tests.test_i110_features.TestOnlineOrdersAndRbac" name="test_public_submit_membuat_pesanan_online" time="0.365" /><testcase classname="tests.test_i110_features.TestOnlineOrdersAndRbac" name="test_booking_list_menandai_source_online" time="0.062" /><testcase classname="tests.test_i110_features.TestOnlineOrdersAndRbac" name="test_rbac_marketing_403" time="0.274" /><testcase classname="tests.test_i110_features.TestOnlineOrdersAndRbac" name="test_rbac_driver_tidak_akses_payroll" time="0.069" /></testsuite></testsuites>