<?xml version="1.0" encoding="utf-8"?><testsuites name="pytest tests"><testsuite name="pytest" errors="0" failures="1" skipped="0" tests="16" time="9.696" timestamp="2026-08-29T22:40:35.356957+00:00" hostname="agent-env-5ec02ac0-a477-4237-a5fe-b1fb01d06d5a"><testcase classname="tests.test_openwa_integration" name="test_login_owner" time="0.440" /><testcase classname="tests.test_openwa_integration" name="test_get_wa_config" time="0.113" /><testcase classname="tests.test_openwa_integration" name="test_patch_wa_config_openwa" time="0.137" /><testcase classname="tests.test_openwa_integration" name="test_patch_wa_config_invalid" time="0.109" /><testcase classname="tests.test_openwa_integration" name="test_openwa_status_requires_auth" time="0.141" /><testcase classname="tests.test_openwa_integration" name="test_openwa_status" time="0.128" /><testcase classname="tests.test_openwa_integration" name="test_openwa_qr_requires_auth" time="0.111" /><testcase classname="tests.test_openwa_integration" name="test_openwa_qr" time="0.176" /><testcase classname="tests.test_openwa_integration" name="test_openwa_restart" time="5.121" /><testcase classname="tests.test_openwa_integration" name="test_wa_test_send_openwa_fail_gracefully" time="0.309" /><testcase classname="tests.test_openwa_integration" name="test_openwa_webhook_no_key" time="0.107" /><testcase classname="tests.test_openwa_integration" name="test_openwa_webhook_wrong_key" time="0.133" /><testcase classname="tests.test_openwa_integration" name="test_openwa_webhook_inbound_creates_lead_and_conversation" time="1.928"><failure message="assert 404 == 200&#10; +  where 404 = &lt;Response [404]&gt;.status_code">backend/tests/test_openwa_integration.py:194: in test_openwa_webhook_inbound_creates_lead_and_conversation
    assert cr.status_code == 200
E   assert 404 == 200
E    +  where 404 = &lt;Response [404]&gt;.status_code</failure></testcase><testcase classname="tests.test_openwa_integration" name="test_openwa_webhook_non_message_event_ignored" time="0.147" /><testcase classname="tests.test_openwa_integration" name="test_openwa_webhook_group_message_ignored" time="0.121" /><testcase classname="tests.test_openwa_integration" name="test_wa_send_mock_still_works" time="0.370" /></testsuite></testsuites>