<?xml version="1.0" encoding="utf-8"?><testsuites name="pytest tests"><testsuite name="pytest" errors="0" failures="0" skipped="0" tests="16" time="4.732" timestamp="2026-08-30T07:15:52.294836+00:00" hostname="agent-env-5ec02ac0-a477-4237-a5fe-b1fb01d06d5a"><testcase classname="tests.test_broadcast_media_invoice.TestBroadcast" name="test_create_and_send_broadcast_mock" time="1.288" /><testcase classname="tests.test_broadcast_media_invoice.TestBroadcast" name="test_anti_double_send" time="0.120" /><testcase classname="tests.test_broadcast_media_invoice.TestBroadcast" name="test_broadcast_reaches_inbox_with_rendered_var" time="0.120" /><testcase classname="tests.test_broadcast_media_invoice.TestBroadcast" name="test_send_broadcast_unauth" time="0.092" /><testcase classname="tests.test_broadcast_media_invoice.TestInboxWaMedia" name="test_upload_png_success" time="0.215" /><testcase classname="tests.test_broadcast_media_invoice.TestInboxWaMedia" name="test_reject_txt" time="0.195" /><testcase classname="tests.test_broadcast_media_invoice.TestInboxWaMedia" name="test_reject_oversize" time="0.543" /><testcase classname="tests.test_broadcast_media_invoice.TestInboxWaMedia" name="test_non_whatsapp_channel_400" time="0.202" /><testcase classname="tests.test_broadcast_media_invoice.TestInboxWaMedia" name="test_unauth" time="0.091" /><testcase classname="tests.test_broadcast_media_invoice.TestInvoiceWa" name="test_create_invoice_and_send_wa" time="0.467" /><testcase classname="tests.test_broadcast_media_invoice.TestInvoiceWa" name="test_booking_send_invoice_wa" time="0.132" /><testcase classname="tests.test_broadcast_media_invoice.TestInvoiceWa" name="test_booking_without_invoice_404" time="0.310" /><testcase classname="tests.test_broadcast_media_invoice.TestInvoiceWa" name="test_send_wa_no_token" time="0.090" /><testcase classname="tests.test_broadcast_media_invoice.TestInvoiceWa" name="test_driver_forbidden" time="0.451" /><testcase classname="tests.test_broadcast_media_invoice.TestRegression" name="test_wa_test_send_mock" time="0.105" /><testcase classname="tests.test_broadcast_media_invoice.TestRegression" name="test_openwa_status_running" time="0.219" /></testsuite></testsuites>