<?xml version="1.0" encoding="utf-8"?><testsuites name="pytest tests"><testsuite name="pytest" errors="0" failures="0" skipped="0" tests="17" time="3.578" timestamp="2026-08-29T20:55:46.566278+00:00" hostname="agent-env-2ab14f5b-f526-4d41-8253-2f81b44ce1a5"><testcase classname="tests.test_site_pages_e2e.TestAuthGuards" name="test_list_pages_requires_auth" time="0.245" /><testcase classname="tests.test_site_pages_e2e.TestAuthGuards" name="test_get_page_requires_auth" time="0.275" /><testcase classname="tests.test_site_pages_e2e.TestAuthGuards" name="test_put_page_requires_auth" time="0.169" /><testcase classname="tests.test_site_pages_e2e.TestPageBuilder" name="test_list_pages" time="0.733" /><testcase classname="tests.test_site_pages_e2e.TestAuthGuards" name="test_get_settings_requires_auth" time="0.165" /><testcase classname="tests.test_site_pages_e2e.TestPageBuilder" name="test_get_home_page" time="0.198" /><testcase classname="tests.test_site_pages_e2e.TestAuthGuards" name="test_put_settings_requires_auth" time="0.159" /><testcase classname="tests.test_site_pages_e2e.TestPageBuilder" name="test_put_unknown_slug_404" time="0.172" /><testcase classname="tests.test_site_pages_e2e.TestPageBuilder" name="test_put_invalid_type_400" time="0.294" /><testcase classname="tests.test_site_pages_e2e.TestAuthGuards" name="test_driver_forbidden" time="0.589" /><testcase classname="tests.test_site_pages_e2e.TestPageBuilder" name="test_put_all_disabled_400" time="0.317" /><testcase classname="tests.test_site_pages_e2e.TestPublicPages" name="test_public_home_ok" time="0.156" /><testcase classname="tests.test_site_pages_e2e.TestPageBuilder" name="test_put_home_roundtrip_and_public_reflects" time="0.825" /><testcase classname="tests.test_site_pages_e2e.TestPublicPages" name="test_public_about_ok" time="0.170" /><testcase classname="tests.test_site_pages_e2e.TestPublicPages" name="test_public_contact_ok" time="0.205" /><testcase classname="tests.test_site_pages_e2e.TestPublicPages" name="test_public_unknown_404" time="0.287" /><testcase classname="tests.test_site_pages_e2e.TestSiteSettings" name="test_get_and_put_settings" time="0.655" /></testsuite></testsuites>