<?xml version="1.0" encoding="utf-8"?><testsuites name="pytest tests"><testsuite name="pytest" errors="0" failures="0" skipped="0" tests="11" time="4.553" timestamp="2026-08-29T19:51:13.321970+00:00" hostname="agent-env-aa65b680-5911-42c4-8f79-05e0e5928d78"><testcase classname="tests.backend_test_ssot_batch6.TestUnmergeDestination" name="test_full_merge_unmerge_flow" time="1.288" /><testcase classname="tests.backend_test_ssot_batch6.TestUnmergeDestination" name="test_unmerge_with_skipped" time="0.388" /><testcase classname="tests.backend_test_ssot_batch6.TestWorkshopCity" name="test_create_bad_city_400" time="0.233" /><testcase classname="tests.backend_test_ssot_batch6.TestWorkshopCity" name="test_create_city_canonicalized" time="0.155" /><testcase classname="tests.backend_test_ssot_batch6.TestWorkshopCity" name="test_patch_bad_city_400" time="0.303" /><testcase classname="tests.backend_test_ssot_batch6.TestWorkshopCity" name="test_zzz_cleanup_workshops" time="0.452" /><testcase classname="tests.backend_test_ssot_batch6.TestMasterCitiesUsedByWorkshops" name="test_rows_have_used_by_workshops" time="0.224" /><testcase classname="tests.backend_test_ssot_batch6.TestCityRenameCascadeWorkshops" name="test_cascade" time="0.795" /><testcase classname="tests.backend_test_ssot_batch6.TestExportKotaSheetBengkel" name="test_sheet_kota_has_bengkel_column" time="0.312" /><testcase classname="tests.backend_test_ssot_batch6.TestRegressionThin" name="test_rename_destination_still_works" time="0.164" /><testcase classname="tests.backend_test_ssot_batch6.TestRegressionThin" name="test_customer_bad_city_still_400" time="0.154" /></testsuite></testsuites>