<?xml version="1.0" encoding="utf-8"?><testsuites name="pytest tests"><testsuite name="pytest" errors="0" failures="0" skipped="0" tests="19" time="8.610" timestamp="2026-08-29T19:34:53.160265+00:00" hostname="agent-env-aa65b680-5911-42c4-8f79-05e0e5928d78"><testcase classname="tests.backend_test_ssot_batch5.TestCityMaster" name="test_list_cities_active" time="0.572" /><testcase classname="tests.backend_test_ssot_batch5.TestCityMaster" name="test_post_city_idempotent" time="0.313" /><testcase classname="tests.backend_test_ssot_batch5.TestCityMaster" name="test_create_customer_bad_city_400" time="0.169" /><testcase classname="tests.backend_test_ssot_batch5.TestCityMaster" name="test_create_customer_city_case_normalized" time="0.156" /><testcase classname="tests.backend_test_ssot_batch5.TestCityMaster" name="test_create_customer_empty_city_ok" time="0.159" /><testcase classname="tests.backend_test_ssot_batch5.TestCityMaster" name="test_patch_customer_bad_city_400" time="0.301" /><testcase classname="tests.backend_test_ssot_batch5.TestCityMaster" name="test_create_partner_bad_city_400" time="0.157" /><testcase classname="tests.backend_test_ssot_batch5.TestCityMaster" name="test_create_partner_city_normalized" time="0.164" /><testcase classname="tests.backend_test_ssot_batch5.TestCityMaster" name="test_patch_partner_bad_city_400" time="0.329" /><testcase classname="tests.backend_test_ssot_batch5.TestLandingVehicleTypeSoftNormalize" name="test_label_normalized_to_key" time="1.756" /><testcase classname="tests.backend_test_ssot_batch5.TestLandingVehicleTypeSoftNormalize" name="test_unknown_vehicle_type_soft_accepted" time="1.796" /><testcase classname="tests.backend_test_ssot_batch5.TestMasterExport" name="test_export_owner_xlsx" time="0.341" /><testcase classname="tests.backend_test_ssot_batch5.TestMasterExport" name="test_export_marketing_forbidden" time="0.534" /><testcase classname="tests.backend_test_ssot_batch5.TestMasterExport" name="test_export_driver_forbidden" time="0.555" /><testcase classname="tests.backend_test_ssot_batch5.TestDestinationMerge" name="test_merge_self_400" time="0.212" /><testcase classname="tests.backend_test_ssot_batch5.TestDestinationMerge" name="test_merge_target_inactive_400" time="0.172" /><testcase classname="tests.backend_test_ssot_batch5.TestDestinationMerge" name="test_merge_success_cascade_and_flags" time="0.181" /><testcase classname="tests.backend_test_ssot_batch5.TestDestinationMerge" name="test_merge_again_400" time="0.166" /><testcase classname="tests.backend_test_ssot_batch5.TestBookingHardValidationRegression" name="test_booking_bad_destination_still_400" time="0.489" /></testsuite></testsuites>