<?xml version="1.0" encoding="utf-8"?><testsuites name="pytest tests"><testsuite name="pytest" errors="0" failures="0" skipped="0" tests="8" time="3.731" timestamp="2026-08-29T20:04:22.210324+00:00" hostname="agent-env-aa65b680-5911-42c4-8f79-05e0e5928d78"><testcase classname="tests.backend_test_ssot_batch7.TestMergePickupPoint" name="test_merge_cascades_bookings" time="1.149" /><testcase classname="tests.backend_test_ssot_batch7.TestMergePickupPoint" name="test_merge_to_self_400" time="0.170" /><testcase classname="tests.backend_test_ssot_batch7.TestMergePickupPoint" name="test_merge_target_inactive_400" time="0.180" /><testcase classname="tests.backend_test_ssot_batch7.TestUnmergePickupPoint" name="test_unmerge_restores_bookings" time="0.523" /><testcase classname="tests.backend_test_ssot_batch7.TestUnmergePickupPoint" name="test_unmerge_with_skipped" time="0.382" /><testcase classname="tests.backend_test_ssot_batch7.TestSelectorHiddenWhenMerged" name="test_merged_pickup_hidden_from_selector" time="0.832" /><testcase classname="tests.backend_test_ssot_batch7.TestRegressionMergeDestination" name="test_dest_merge_unmerge_round_trip" time="0.389" /><testcase classname="tests.backend_test_ssot_batch7.TestZZZCleanup" name="test_purge" time="0.027" /></testsuite></testsuites>