<?xml version="1.0" encoding="utf-8"?><testsuites name="pytest tests"><testsuite name="pytest" errors="0" failures="0" skipped="0" tests="15" time="7.290" timestamp="2026-08-29T18:33:57.403037+00:00" hostname="agent-env-aa65b680-5911-42c4-8f79-05e0e5928d78"><testcase classname="tests.backend_test_ssot_batch3.TestQuotationDestinationGate" name="test_public_destination_options_no_auth" time="0.357" /><testcase classname="tests.backend_test_ssot_batch3.TestQuotationDestinationGate" name="test_create_quotation_ngawur_rejected" time="0.535" /><testcase classname="tests.backend_test_ssot_batch3.TestQuotationDestinationGate" name="test_create_quotation_bali_lowercase_normalized" time="0.447" /><testcase classname="tests.backend_test_ssot_batch3.TestQuotationDestinationGate" name="test_patch_quotation_destination_ngawur_rejected" time="0.228" /><testcase classname="tests.backend_test_ssot_batch3.TestQuotationDestinationGate" name="test_patch_quotation_no_destination_change_ok" time="0.227" /><testcase classname="tests.backend_test_ssot_batch3.TestPublicQuotationLunak" name="test_public_quotation_accepts_legacy_free_text" time="0.234" /><testcase classname="tests.backend_test_ssot_batch3.TestPublicQuotationLunak" name="test_public_quotation_normalizes_master_match" time="1.170" /><testcase classname="tests.backend_test_ssot_batch3.TestMasterRBAC" name="test_owner_ok" time="0.160" /><testcase classname="tests.backend_test_ssot_batch3.TestMasterRBAC" name="test_ops_admin_ok" time="0.619" /><testcase classname="tests.backend_test_ssot_batch3.TestMasterRBAC" name="test_marketing_403" time="0.528" /><testcase classname="tests.backend_test_ssot_batch3.TestMasterRBAC" name="test_driver_403" time="0.535" /><testcase classname="tests.backend_test_ssot_batch3.TestMasterRenameAndToggle" name="test_rename_bandung_cascade_then_restore" time="0.682" /><testcase classname="tests.backend_test_ssot_batch3.TestMasterRenameAndToggle" name="test_toggle_destination_hides_from_selector_then_restore" time="0.998" /><testcase classname="tests.backend_test_ssot_batch3.TestPrepareBookingFromLead" name="test_prepare_booking_returns_prefill" time="0.348" /><testcase classname="tests.backend_test_ssot_batch3.TestPickupRBAC" name="test_marketing_forbidden_master" time="0.151" /></testsuite></testsuites>