<?xml version="1.0" encoding="utf-8"?><testsuites name="pytest tests"><testsuite name="pytest" errors="0" failures="0" skipped="0" tests="7" time="5.166" timestamp="2026-08-29T18:58:44.171965+00:00" hostname="agent-env-aa65b680-5911-42c4-8f79-05e0e5928d78"><testcase classname="tests.backend_test_ssot_batch4.TestPublicBookingSoftNormalize" name="test_booking_lowercase_normalized_to_canonical" time="1.128" /><testcase classname="tests.backend_test_ssot_batch4.TestPublicBookingSoftNormalize" name="test_booking_freeform_destination_accepted_as_is" time="1.713" /><testcase classname="tests.backend_test_ssot_batch4.TestLeadAdsMetaNormalize" name="test_lead_ads_meta_normalizes_bromo" time="0.962" /><testcase classname="tests.backend_test_ssot_batch4.TestLandingLeadNormalize" name="test_landing_lead_normalizes_origin_and_destination" time="0.824" /><testcase classname="tests.backend_test_ssot_batch4.TestMasterDestinationsUsedByQuotations" name="test_used_by_quotations_present" time="0.170" /><testcase classname="tests.backend_test_ssot_batch4.TestRegressionErpHard" name="test_public_destination_options_still_works" time="0.153" /><testcase classname="tests.backend_test_ssot_batch4.TestRegressionErpHard" name="test_erp_booking_creation_still_hard_rejects_offmaster" time="0.158" /></testsuite></testsuites>